Analyzing `input01.txt` ...
Parsing 1st line ...
Parsing 2nd line ...
Parsing 3rd line ...
Parsing 4th line ...
Parsing strands ...
  Number of genes: 100
  Number of strands: 100
  Total: 264600 (ns)
3218660 11137051
Analyzing `input02.txt` ...
Parsing 1st line ...
Parsing 2nd line ...
Parsing 3rd line ...
Parsing 4th line ...
Parsing strands ...
  Number of genes: 100000
  Number of strands: 44850
  Total: 57633499600 (ns)
15806635 20688978289
Analyzing `input30.txt` ...
Parsing 1st line ...
Parsing 2nd line ...
Parsing 3rd line ...
Parsing 4th line ...
Parsing strands ...
  Number of genes: 1000
  Number of strands: 1
  Total: 1256958900 (ns)
12317773616 12317773616
